<?xml version="1.0" encoding="UTF-8"?>
<!-- Generated by org.testng.reporters.JUnitReportReporter -->
<testsuite hostname="ASUSLaptopTP470EA" failures="0" tests="5" name="Test.CheckUserPageTest" time="15.718" errors="0" timestamp="2022-04-24T20:16:23 MSK" skipped="0">
  <testcase classname="Test.CheckUserPageTest" name="checkThatUserSchoolNameTest" time="2.501"/>
  <system-out/>
  <testcase classname="Test.CheckUserPageTest" name="checkUserDateTest" time="6.251"/>
  <system-out/>
  <testcase classname="Test.CheckUserPageTest" name="checkThatUserNameTest" time="2.122"/>
  <system-out/>
  <testcase classname="Test.CheckUserPageTest" name="checkThatUserCityTest" time="2.532"/>
  <system-out/>
  <testcase classname="Test.CheckUserPageTest" name="checkThatUserGradeTest" time="2.312"/>
  <system-out/>
</testsuite> <!-- Test.CheckUserPageTest -->
